17:01:43.835 11866 [main] ERROR o.s.boot.SpringApplication - Application startup failed
org.springframework.beans.factory.BeanCreationException: Error creating bean with name 'jmsConfig': Injection of autowired dependencies failed; nested exception is org.springframework.beans.factory.BeanCreationException: Could not autowire field: private javax.jms.ConnectionFactory cn.com.bsfit.frms.policy.config.JmsConfig.connectionFactory; nested exception is org.springframework.beans.factory.BeanCreationException: Error creating bean with name 'connectionFactory' defined in class path resource [cn/com/bsfit/frms/policy/config/JmsConfig.class]: Instantiation of bean failed; nested exception is org.springframework.beans.factory.BeanDefinitionStoreException: Factory method [public javax.jms.ConnectionFactory cn.com.bsfit.frms.policy.config.JmsConfig.connectionFactory() throws java.lang.IllegalArgumentException,javax.naming.NamingException] threw exception; nested exception is javax.naming.CommunicationException: Could not obtain connection to any of these urls: 10.100.1.14:10099 and discovery failed with error: javax.naming.CommunicationException: Receive timed out [Root exception is java.net.SocketTimeoutException: Receive timed out] [Root exception is javax.naming.CommunicationException: Failed to connect to server 10.100.1.14:10099 [Root exception is javax.naming.ServiceUnavailableException: Failed to connect to server 10.100.1.14:10099 [Root exception is java.net.ConnectException: Connection refused: connect]]]
	at org.springframework.beans.factory.annotation.AutowiredAnnotationBeanPostProcessor.postProcessPropertyValues(AutowiredAnnotationBeanPostProcessor.java:301) ~[spring-beans-4.0.9.RELEASE.jar:4.0.9.RELEASE]
	at org.springframework.beans.factory.support.AbstractAutowireCapableBeanFactory.populateBean(AbstractAutowireCapableBeanFactory.java:1186) ~[spring-beans-4.0.9.RELEASE.jar:4.0.9.RELEASE]
	at org.springframework.beans.factory.support.AbstractAutowireCapableBeanFactory.doCreateBean(AbstractAutowireCapableBeanFactory.java:537) ~[spring-beans-4.0.9.RELEASE.jar:4.0.9.RELEASE]
	at org.springframework.beans.factory.support.AbstractAutowireCapableBeanFactory.createBean(AbstractAutowireCapableBeanFactory.java:475) ~[spring-beans-4.0.9.RELEASE.jar:4.0.9.RELEASE]
	at org.springframework.beans.factory.support.AbstractBeanFactory$1.getObject(AbstractBeanFactory.java:302) ~[spring-beans-4.0.9.RELEASE.jar:4.0.9.RELEASE]
	at org.springframework.beans.factory.support.DefaultSingletonBeanRegistry.getSingleton(DefaultSingletonBeanRegistry.java:229) ~[spring-beans-4.0.9.RELEASE.jar:4.0.9.RELEASE]
	at org.springframework.beans.factory.support.AbstractBeanFactory.doGetBean(AbstractBeanFactory.java:298) ~[spring-beans-4.0.9.RELEASE.jar:4.0.9.RELEASE]
	at org.springframework.beans.factory.support.AbstractBeanFactory.getBean(AbstractBeanFactory.java:193) ~[spring-beans-4.0.9.RELEASE.jar:4.0.9.RELEASE]
	at org.springframework.beans.factory.support.DefaultListableBeanFactory.preInstantiateSingletons(DefaultListableBeanFactory.java:706) ~[spring-beans-4.0.9.RELEASE.jar:4.0.9.RELEASE]
	at org.springframework.context.support.AbstractApplicationContext.finishBeanFactoryInitialization(AbstractApplicationContext.java:762) ~[spring-context-4.0.9.RELEASE.jar:4.0.9.RELEASE]
	at org.springframework.context.support.AbstractApplicationContext.refresh(AbstractApplicationContext.java:482) ~[spring-context-4.0.9.RELEASE.jar:4.0.9.RELEASE]
	at org.springframework.boot.context.embedded.EmbeddedWebApplicationContext.refresh(EmbeddedWebApplicationContext.java:109) ~[spring-boot-1.1.12.RELEASE.jar:1.1.12.RELEASE]
	at org.springframework.boot.SpringApplication.refresh(SpringApplication.java:691) ~[spring-boot-1.1.12.RELEASE.jar:1.1.12.RELEASE]
	at org.springframework.boot.SpringApplication.run(SpringApplication.java:320) ~[spring-boot-1.1.12.RELEASE.jar:1.1.12.RELEASE]
	at org.springframework.boot.builder.SpringApplicationBuilder.run(SpringApplicationBuilder.java:142) [spring-boot-1.1.12.RELEASE.jar:1.1.12.RELEASE]
	at cn.com.bsfit.PolicyApp.main(PolicyApp.java:13) [classes/:na]
Caused by: org.springframework.beans.factory.BeanCreationException: Could not autowire field: private javax.jms.ConnectionFactory cn.com.bsfit.frms.policy.config.JmsConfig.connectionFactory; nested exception is org.springframework.beans.factory.BeanCreationException: Error creating bean with name 'connectionFactory' defined in class path resource [cn/com/bsfit/frms/policy/config/JmsConfig.class]: Instantiation of bean failed; nested exception is org.springframework.beans.factory.BeanDefinitionStoreException: Factory method [public javax.jms.ConnectionFactory cn.com.bsfit.frms.policy.config.JmsConfig.connectionFactory() throws java.lang.IllegalArgumentException,javax.naming.NamingException] threw exception; nested exception is javax.naming.CommunicationException: Could not obtain connection to any of these urls: 10.100.1.14:10099 and discovery failed with error: javax.naming.CommunicationException: Receive timed out [Root exception is java.net.SocketTimeoutException: Receive timed out] [Root exception is javax.naming.CommunicationException: Failed to connect to server 10.100.1.14:10099 [Root exception is javax.naming.ServiceUnavailableException: Failed to connect to server 10.100.1.14:10099 [Root exception is java.net.ConnectException: Connection refused: connect]]]
	at org.springframework.beans.factory.annotation.AutowiredAnnotationBeanPostProcessor$AutowiredFieldElement.inject(AutowiredAnnotationBeanPostProcessor.java:522) ~[spring-beans-4.0.9.RELEASE.jar:4.0.9.RELEASE]
	at org.springframework.beans.factory.annotation.InjectionMetadata.inject(InjectionMetadata.java:88) ~[spring-beans-4.0.9.RELEASE.jar:4.0.9.RELEASE]
	at org.springframework.beans.factory.annotation.AutowiredAnnotationBeanPostProcessor.postProcessPropertyValues(AutowiredAnnotationBeanPostProcessor.java:298) ~[spring-beans-4.0.9.RELEASE.jar:4.0.9.RELEASE]
	... 15 common frames omitted
Caused by: org.springframework.beans.factory.BeanCreationException: Error creating bean with name 'connectionFactory' defined in class path resource [cn/com/bsfit/frms/policy/config/JmsConfig.class]: Instantiation of bean failed; nested exception is org.springframework.beans.factory.BeanDefinitionStoreException: Factory method [public javax.jms.ConnectionFactory cn.com.bsfit.frms.policy.config.JmsConfig.connectionFactory() throws java.lang.IllegalArgumentException,javax.naming.NamingException] threw exception; nested exception is javax.naming.CommunicationException: Could not obtain connection to any of these urls: 10.100.1.14:10099 and discovery failed with error: javax.naming.CommunicationException: Receive timed out [Root exception is java.net.SocketTimeoutException: Receive timed out] [Root exception is javax.naming.CommunicationException: Failed to connect to server 10.100.1.14:10099 [Root exception is javax.naming.ServiceUnavailableException: Failed to connect to server 10.100.1.14:10099 [Root exception is java.net.ConnectException: Connection refused: connect]]]
	at org.springframework.beans.factory.support.ConstructorResolver.instantiateUsingFactoryMethod(ConstructorResolver.java:597) ~[spring-beans-4.0.9.RELEASE.jar:4.0.9.RELEASE]
	at org.springframework.beans.factory.support.AbstractAutowireCapableBeanFactory.instantiateUsingFactoryMethod(AbstractAutowireCapableBeanFactory.java:1095) ~[spring-beans-4.0.9.RELEASE.jar:4.0.9.RELEASE]
	at org.springframework.beans.factory.support.AbstractAutowireCapableBeanFactory.createBeanInstance(AbstractAutowireCapableBeanFactory.java:990) ~[spring-beans-4.0.9.RELEASE.jar:4.0.9.RELEASE]
	at org.springframework.beans.factory.support.AbstractAutowireCapableBeanFactory.doCreateBean(AbstractAutowireCapableBeanFactory.java:504) ~[spring-beans-4.0.9.RELEASE.jar:4.0.9.RELEASE]
	at org.springframework.beans.factory.support.AbstractAutowireCapableBeanFactory.createBean(AbstractAutowireCapableBeanFactory.java:475) ~[spring-beans-4.0.9.RELEASE.jar:4.0.9.RELEASE]
	at org.springframework.beans.factory.support.AbstractBeanFactory$1.getObject(AbstractBeanFactory.java:302) ~[spring-beans-4.0.9.RELEASE.jar:4.0.9.RELEASE]
	at org.springframework.beans.factory.support.DefaultSingletonBeanRegistry.getSingleton(DefaultSingletonBeanRegistry.java:229) ~[spring-beans-4.0.9.RELEASE.jar:4.0.9.RELEASE]
	at org.springframework.beans.factory.support.AbstractBeanFactory.doGetBean(AbstractBeanFactory.java:298) ~[spring-beans-4.0.9.RELEASE.jar:4.0.9.RELEASE]
	at org.springframework.beans.factory.support.AbstractBeanFactory.getBean(AbstractBeanFactory.java:193) ~[spring-beans-4.0.9.RELEASE.jar:4.0.9.RELEASE]
	at org.springframework.beans.factory.support.DefaultListableBeanFactory.findAutowireCandidates(DefaultListableBeanFactory.java:1028) ~[spring-beans-4.0.9.RELEASE.jar:4.0.9.RELEASE]
	at org.springframework.beans.factory.support.DefaultListableBeanFactory.doResolveDependency(DefaultListableBeanFactory.java:964) ~[spring-beans-4.0.9.RELEASE.jar:4.0.9.RELEASE]
	at org.springframework.beans.factory.support.DefaultListableBeanFactory.resolveDependency(DefaultListableBeanFactory.java:862) ~[spring-beans-4.0.9.RELEASE.jar:4.0.9.RELEASE]
	at org.springframework.beans.factory.annotation.AutowiredAnnotationBeanPostProcessor$AutowiredFieldElement.inject(AutowiredAnnotationBeanPostProcessor.java:494) ~[spring-beans-4.0.9.RELEASE.jar:4.0.9.RELEASE]
	... 17 common frames omitted
Caused by: org.springframework.beans.factory.BeanDefinitionStoreException: Factory method [public javax.jms.ConnectionFactory cn.com.bsfit.frms.policy.config.JmsConfig.connectionFactory() throws java.lang.IllegalArgumentException,javax.naming.NamingException] threw exception; nested exception is javax.naming.CommunicationException: Could not obtain connection to any of these urls: 10.100.1.14:10099 and discovery failed with error: javax.naming.CommunicationException: Receive timed out [Root exception is java.net.SocketTimeoutException: Receive timed out] [Root exception is javax.naming.CommunicationException: Failed to connect to server 10.100.1.14:10099 [Root exception is javax.naming.ServiceUnavailableException: Failed to connect to server 10.100.1.14:10099 [Root exception is java.net.ConnectException: Connection refused: connect]]]
	at org.springframework.beans.factory.support.SimpleInstantiationStrategy.instantiate(SimpleInstantiationStrategy.java:188) ~[spring-beans-4.0.9.RELEASE.jar:4.0.9.RELEASE]
	at org.springframework.beans.factory.support.ConstructorResolver.instantiateUsingFactoryMethod(ConstructorResolver.java:586) ~[spring-beans-4.0.9.RELEASE.jar:4.0.9.RELEASE]
	... 29 common frames omitted
Caused by: javax.naming.CommunicationException: Could not obtain connection to any of these urls: 10.100.1.14:10099 and discovery failed with error: javax.naming.CommunicationException: Receive timed out [Root exception is java.net.SocketTimeoutException: Receive timed out]
	at org.jnp.interfaces.NamingContext.checkRef(NamingContext.java:1562) ~[jnp-client-4.2.2.GA.jar:4.2.2.GA (build: SVNTag=JBoss_4_2_2_GA date=200710221139)]
	at org.jnp.interfaces.NamingContext.lookup(NamingContext.java:634) ~[jnp-client-4.2.2.GA.jar:4.2.2.GA (build: SVNTag=JBoss_4_2_2_GA date=200710221139)]
	at org.jnp.interfaces.NamingContext.lookup(NamingContext.java:627) ~[jnp-client-4.2.2.GA.jar:4.2.2.GA (build: SVNTag=JBoss_4_2_2_GA date=200710221139)]
	at javax.naming.InitialContext.lookup(InitialContext.java:411) ~[na:1.7.0_80]
	at org.springframework.jndi.JndiTemplate$1.doInContext(JndiTemplate.java:155) ~[spring-context-4.0.9.RELEASE.jar:4.0.9.RELEASE]
	at org.springframework.jndi.JndiTemplate.execute(JndiTemplate.java:87) ~[spring-context-4.0.9.RELEASE.jar:4.0.9.RELEASE]
	at org.springframework.jndi.JndiTemplate.lookup(JndiTemplate.java:152) ~[spring-context-4.0.9.RELEASE.jar:4.0.9.RELEASE]
	at org.springframework.jndi.JndiTemplate.lookup(JndiTemplate.java:179) ~[spring-context-4.0.9.RELEASE.jar:4.0.9.RELEASE]
	at org.springframework.jndi.JndiLocatorSupport.lookup(JndiLocatorSupport.java:95) ~[spring-context-4.0.9.RELEASE.jar:4.0.9.RELEASE]
	at org.springframework.jndi.JndiObjectLocator.lookup(JndiObjectLocator.java:106) ~[spring-context-4.0.9.RELEASE.jar:4.0.9.RELEASE]
	at org.springframework.jndi.JndiObjectFactoryBean.lookupWithFallback(JndiObjectFactoryBean.java:231) ~[spring-context-4.0.9.RELEASE.jar:4.0.9.RELEASE]
	at org.springframework.jndi.JndiObjectFactoryBean.afterPropertiesSet(JndiObjectFactoryBean.java:217) ~[spring-context-4.0.9.RELEASE.jar:4.0.9.RELEASE]
	at cn.com.bsfit.frms.policy.config.JmsConfig.connectionFactory(JmsConfig.java:51) ~[classes/:na]
	at cn.com.bsfit.frms.policy.config.JmsConfig$$EnhancerBySpringCGLIB$$6a9f74b8.CGLIB$connectionFactory$0(<generated>) ~[spring-core-4.0.9.RELEASE.jar:na]
	at cn.com.bsfit.frms.policy.config.JmsConfig$$EnhancerBySpringCGLIB$$6a9f74b8$$FastClassBySpringCGLIB$$f7f06280.invoke(<generated>) ~[spring-core-4.0.9.RELEASE.jar:na]
	at org.springframework.cglib.proxy.MethodProxy.invokeSuper(MethodProxy.java:228) ~[spring-core-4.0.9.RELEASE.jar:4.0.9.RELEASE]
	at org.springframework.context.annotation.ConfigurationClassEnhancer$BeanMethodInterceptor.intercept(ConfigurationClassEnhancer.java:311) ~[spring-context-4.0.9.RELEASE.jar:4.0.9.RELEASE]
	at cn.com.bsfit.frms.policy.config.JmsConfig$$EnhancerBySpringCGLIB$$6a9f74b8.connectionFactory(<generated>) ~[spring-core-4.0.9.RELEASE.jar:na]
	at sun.reflect.NativeMethodAccessorImpl.invoke0(Native Method) ~[na:1.7.0_80]
	at sun.reflect.NativeMethodAccessorImpl.invoke(NativeMethodAccessorImpl.java:57) ~[na:1.7.0_80]
	at sun.reflect.DelegatingMethodAccessorImpl.invoke(DelegatingMethodAccessorImpl.java:43) ~[na:1.7.0_80]
	at java.lang.reflect.Method.invoke(Method.java:606) ~[na:1.7.0_80]
	at org.springframework.beans.factory.support.SimpleInstantiationStrategy.instantiate(SimpleInstantiationStrategy.java:166) ~[spring-beans-4.0.9.RELEASE.jar:4.0.9.RELEASE]
	... 30 common frames omitted
Caused by: javax.naming.CommunicationException: Failed to connect to server 10.100.1.14:10099
	at org.jnp.interfaces.NamingContext.getServer(NamingContext.java:274) ~[jnp-client-4.2.2.GA.jar:4.2.2.GA (build: SVNTag=JBoss_4_2_2_GA date=200710221139)]
	at org.jnp.interfaces.NamingContext.checkRef(NamingContext.java:1533) ~[jnp-client-4.2.2.GA.jar:4.2.2.GA (build: SVNTag=JBoss_4_2_2_GA date=200710221139)]
	... 52 common frames omitted
Caused by: javax.naming.ServiceUnavailableException: Failed to connect to server 10.100.1.14:10099
	at org.jnp.interfaces.NamingContext.getServer(NamingContext.java:248) ~[jnp-client-4.2.2.GA.jar:4.2.2.GA (build: SVNTag=JBoss_4_2_2_GA date=200710221139)]
	... 53 common frames omitted
Caused by: java.net.ConnectException: Connection refused: connect
	at java.net.DualStackPlainSocketImpl.connect0(Native Method) ~[na:1.7.0_80]
	at java.net.DualStackPlainSocketImpl.socketConnect(DualStackPlainSocketImpl.java:79) ~[na:1.7.0_80]
	at java.net.AbstractPlainSocketImpl.doConnect(AbstractPlainSocketImpl.java:339) ~[na:1.7.0_80]
	at java.net.AbstractPlainSocketImpl.connectToAddress(AbstractPlainSocketImpl.java:200) ~[na:1.7.0_80]
	at java.net.AbstractPlainSocketImpl.connect(AbstractPlainSocketImpl.java:182) ~[na:1.7.0_80]
	at java.net.PlainSocketImpl.connect(PlainSocketImpl.java:172) ~[na:1.7.0_80]
	at java.net.SocksSocketImpl.connect(SocksSocketImpl.java:392) ~[na:1.7.0_80]
	at java.net.Socket.connect(Socket.java:579) ~[na:1.7.0_80]
	at java.net.Socket.connect(Socket.java:528) ~[na:1.7.0_80]
	at java.net.Socket.<init>(Socket.java:425) ~[na:1.7.0_80]
	at java.net.Socket.<init>(Socket.java:319) ~[na:1.7.0_80]
	at org.jnp.interfaces.TimedSocketFactory.createSocket(TimedSocketFactory.java:84) ~[jnp-client-4.2.2.GA.jar:4.2.2.GA (build: SVNTag=JBoss_4_2_2_GA date=200710221139)]
	at org.jnp.interfaces.TimedSocketFactory.createSocket(TimedSocketFactory.java:77) ~[jnp-client-4.2.2.GA.jar:4.2.2.GA (build: SVNTag=JBoss_4_2_2_GA date=200710221139)]
	at org.jnp.interfaces.NamingContext.getServer(NamingContext.java:244) ~[jnp-client-4.2.2.GA.jar:4.2.2.GA (build: SVNTag=JBoss_4_2_2_GA date=200710221139)]
	... 53 common frames omitted
17:06:46.142 72260 [main] ERROR o.s.boot.SpringApplication - Application startup failed
org.springframework.beans.factory.BeanCreationException: Error creating bean with name 'jmsConfig': Injection of autowired dependencies failed; nested exception is org.springframework.beans.factory.BeanCreationException: Could not autowire field: private javax.jms.ConnectionFactory cn.com.bsfit.frms.policy.config.JmsConfig.connectionFactory; nested exception is org.springframework.beans.factory.BeanCreationException: Error creating bean with name 'connectionFactory' defined in class path resource [cn/com/bsfit/frms/policy/config/JmsConfig.class]: Instantiation of bean failed; nested exception is org.springframework.beans.factory.BeanDefinitionStoreException: Factory method [public javax.jms.ConnectionFactory cn.com.bsfit.frms.policy.config.JmsConfig.connectionFactory() throws java.lang.IllegalArgumentException,javax.naming.NamingException] threw exception; nested exception is javax.naming.CommunicationException: Could not obtain connection to any of these urls: 10.100.1.14:5455 and discovery failed with error: javax.naming.CommunicationException: Receive timed out [Root exception is java.net.SocketTimeoutException: Receive timed out] [Root exception is javax.naming.CommunicationException: Failed to retrieve stub from server 10.100.1.14:5455 [Root exception is java.io.EOFException]]
	at org.springframework.beans.factory.annotation.AutowiredAnnotationBeanPostProcessor.postProcessPropertyValues(AutowiredAnnotationBeanPostProcessor.java:301) ~[spring-beans-4.0.9.RELEASE.jar:4.0.9.RELEASE]
	at org.springframework.beans.factory.support.AbstractAutowireCapableBeanFactory.populateBean(AbstractAutowireCapableBeanFactory.java:1186) ~[spring-beans-4.0.9.RELEASE.jar:4.0.9.RELEASE]
	at org.springframework.beans.factory.support.AbstractAutowireCapableBeanFactory.doCreateBean(AbstractAutowireCapableBeanFactory.java:537) ~[spring-beans-4.0.9.RELEASE.jar:4.0.9.RELEASE]
	at org.springframework.beans.factory.support.AbstractAutowireCapableBeanFactory.createBean(AbstractAutowireCapableBeanFactory.java:475) ~[spring-beans-4.0.9.RELEASE.jar:4.0.9.RELEASE]
	at org.springframework.beans.factory.support.AbstractBeanFactory$1.getObject(AbstractBeanFactory.java:302) ~[spring-beans-4.0.9.RELEASE.jar:4.0.9.RELEASE]
	at org.springframework.beans.factory.support.DefaultSingletonBeanRegistry.getSingleton(DefaultSingletonBeanRegistry.java:229) ~[spring-beans-4.0.9.RELEASE.jar:4.0.9.RELEASE]
	at org.springframework.beans.factory.support.AbstractBeanFactory.doGetBean(AbstractBeanFactory.java:298) ~[spring-beans-4.0.9.RELEASE.jar:4.0.9.RELEASE]
	at org.springframework.beans.factory.support.AbstractBeanFactory.getBean(AbstractBeanFactory.java:193) ~[spring-beans-4.0.9.RELEASE.jar:4.0.9.RELEASE]
	at org.springframework.beans.factory.support.DefaultListableBeanFactory.preInstantiateSingletons(DefaultListableBeanFactory.java:706) ~[spring-beans-4.0.9.RELEASE.jar:4.0.9.RELEASE]
	at org.springframework.context.support.AbstractApplicationContext.finishBeanFactoryInitialization(AbstractApplicationContext.java:762) ~[spring-context-4.0.9.RELEASE.jar:4.0.9.RELEASE]
	at org.springframework.context.support.AbstractApplicationContext.refresh(AbstractApplicationContext.java:482) ~[spring-context-4.0.9.RELEASE.jar:4.0.9.RELEASE]
	at org.springframework.boot.context.embedded.EmbeddedWebApplicationContext.refresh(EmbeddedWebApplicationContext.java:109) ~[spring-boot-1.1.12.RELEASE.jar:1.1.12.RELEASE]
	at org.springframework.boot.SpringApplication.refresh(SpringApplication.java:691) ~[spring-boot-1.1.12.RELEASE.jar:1.1.12.RELEASE]
	at org.springframework.boot.SpringApplication.run(SpringApplication.java:320) ~[spring-boot-1.1.12.RELEASE.jar:1.1.12.RELEASE]
	at org.springframework.boot.builder.SpringApplicationBuilder.run(SpringApplicationBuilder.java:142) [spring-boot-1.1.12.RELEASE.jar:1.1.12.RELEASE]
	at cn.com.bsfit.PolicyApp.main(PolicyApp.java:13) [classes/:na]
Caused by: org.springframework.beans.factory.BeanCreationException: Could not autowire field: private javax.jms.ConnectionFactory cn.com.bsfit.frms.policy.config.JmsConfig.connectionFactory; nested exception is org.springframework.beans.factory.BeanCreationException: Error creating bean with name 'connectionFactory' defined in class path resource [cn/com/bsfit/frms/policy/config/JmsConfig.class]: Instantiation of bean failed; nested exception is org.springframework.beans.factory.BeanDefinitionStoreException: Factory method [public javax.jms.ConnectionFactory cn.com.bsfit.frms.policy.config.JmsConfig.connectionFactory() throws java.lang.IllegalArgumentException,javax.naming.NamingException] threw exception; nested exception is javax.naming.CommunicationException: Could not obtain connection to any of these urls: 10.100.1.14:5455 and discovery failed with error: javax.naming.CommunicationException: Receive timed out [Root exception is java.net.SocketTimeoutException: Receive timed out] [Root exception is javax.naming.CommunicationException: Failed to retrieve stub from server 10.100.1.14:5455 [Root exception is java.io.EOFException]]
	at org.springframework.beans.factory.annotation.AutowiredAnnotationBeanPostProcessor$AutowiredFieldElement.inject(AutowiredAnnotationBeanPostProcessor.java:522) ~[spring-beans-4.0.9.RELEASE.jar:4.0.9.RELEASE]
	at org.springframework.beans.factory.annotation.InjectionMetadata.inject(InjectionMetadata.java:88) ~[spring-beans-4.0.9.RELEASE.jar:4.0.9.RELEASE]
	at org.springframework.beans.factory.annotation.AutowiredAnnotationBeanPostProcessor.postProcessPropertyValues(AutowiredAnnotationBeanPostProcessor.java:298) ~[spring-beans-4.0.9.RELEASE.jar:4.0.9.RELEASE]
	... 15 common frames omitted
Caused by: org.springframework.beans.factory.BeanCreationException: Error creating bean with name 'connectionFactory' defined in class path resource [cn/com/bsfit/frms/policy/config/JmsConfig.class]: Instantiation of bean failed; nested exception is org.springframework.beans.factory.BeanDefinitionStoreException: Factory method [public javax.jms.ConnectionFactory cn.com.bsfit.frms.policy.config.JmsConfig.connectionFactory() throws java.lang.IllegalArgumentException,javax.naming.NamingException] threw exception; nested exception is javax.naming.CommunicationException: Could not obtain connection to any of these urls: 10.100.1.14:5455 and discovery failed with error: javax.naming.CommunicationException: Receive timed out [Root exception is java.net.SocketTimeoutException: Receive timed out] [Root exception is javax.naming.CommunicationException: Failed to retrieve stub from server 10.100.1.14:5455 [Root exception is java.io.EOFException]]
	at org.springframework.beans.factory.support.ConstructorResolver.instantiateUsingFactoryMethod(ConstructorResolver.java:597) ~[spring-beans-4.0.9.RELEASE.jar:4.0.9.RELEASE]
	at org.springframework.beans.factory.support.AbstractAutowireCapableBeanFactory.instantiateUsingFactoryMethod(AbstractAutowireCapableBeanFactory.java:1095) ~[spring-beans-4.0.9.RELEASE.jar:4.0.9.RELEASE]
	at org.springframework.beans.factory.support.AbstractAutowireCapableBeanFactory.createBeanInstance(AbstractAutowireCapableBeanFactory.java:990) ~[spring-beans-4.0.9.RELEASE.jar:4.0.9.RELEASE]
	at org.springframework.beans.factory.support.AbstractAutowireCapableBeanFactory.doCreateBean(AbstractAutowireCapableBeanFactory.java:504) ~[spring-beans-4.0.9.RELEASE.jar:4.0.9.RELEASE]
	at org.springframework.beans.factory.support.AbstractAutowireCapableBeanFactory.createBean(AbstractAutowireCapableBeanFactory.java:475) ~[spring-beans-4.0.9.RELEASE.jar:4.0.9.RELEASE]
	at org.springframework.beans.factory.support.AbstractBeanFactory$1.getObject(AbstractBeanFactory.java:302) ~[spring-beans-4.0.9.RELEASE.jar:4.0.9.RELEASE]
	at org.springframework.beans.factory.support.DefaultSingletonBeanRegistry.getSingleton(DefaultSingletonBeanRegistry.java:229) ~[spring-beans-4.0.9.RELEASE.jar:4.0.9.RELEASE]
	at org.springframework.beans.factory.support.AbstractBeanFactory.doGetBean(AbstractBeanFactory.java:298) ~[spring-beans-4.0.9.RELEASE.jar:4.0.9.RELEASE]
	at org.springframework.beans.factory.support.AbstractBeanFactory.getBean(AbstractBeanFactory.java:193) ~[spring-beans-4.0.9.RELEASE.jar:4.0.9.RELEASE]
	at org.springframework.beans.factory.support.DefaultListableBeanFactory.findAutowireCandidates(DefaultListableBeanFactory.java:1028) ~[spring-beans-4.0.9.RELEASE.jar:4.0.9.RELEASE]
	at org.springframework.beans.factory.support.DefaultListableBeanFactory.doResolveDependency(DefaultListableBeanFactory.java:964) ~[spring-beans-4.0.9.RELEASE.jar:4.0.9.RELEASE]
	at org.springframework.beans.factory.support.DefaultListableBeanFactory.resolveDependency(DefaultListableBeanFactory.java:862) ~[spring-beans-4.0.9.RELEASE.jar:4.0.9.RELEASE]
	at org.springframework.beans.factory.annotation.AutowiredAnnotationBeanPostProcessor$AutowiredFieldElement.inject(AutowiredAnnotationBeanPostProcessor.java:494) ~[spring-beans-4.0.9.RELEASE.jar:4.0.9.RELEASE]
	... 17 common frames omitted
Caused by: org.springframework.beans.factory.BeanDefinitionStoreException: Factory method [public javax.jms.ConnectionFactory cn.com.bsfit.frms.policy.config.JmsConfig.connectionFactory() throws java.lang.IllegalArgumentException,javax.naming.NamingException] threw exception; nested exception is javax.naming.CommunicationException: Could not obtain connection to any of these urls: 10.100.1.14:5455 and discovery failed with error: javax.naming.CommunicationException: Receive timed out [Root exception is java.net.SocketTimeoutException: Receive timed out] [Root exception is javax.naming.CommunicationException: Failed to retrieve stub from server 10.100.1.14:5455 [Root exception is java.io.EOFException]]
	at org.springframework.beans.factory.support.SimpleInstantiationStrategy.instantiate(SimpleInstantiationStrategy.java:188) ~[spring-beans-4.0.9.RELEASE.jar:4.0.9.RELEASE]
	at org.springframework.beans.factory.support.ConstructorResolver.instantiateUsingFactoryMethod(ConstructorResolver.java:586) ~[spring-beans-4.0.9.RELEASE.jar:4.0.9.RELEASE]
	... 29 common frames omitted
Caused by: javax.naming.CommunicationException: Could not obtain connection to any of these urls: 10.100.1.14:5455 and discovery failed with error: javax.naming.CommunicationException: Receive timed out [Root exception is java.net.SocketTimeoutException: Receive timed out]
	at org.jnp.interfaces.NamingContext.checkRef(NamingContext.java:1562) ~[jnp-client-4.2.2.GA.jar:4.2.2.GA (build: SVNTag=JBoss_4_2_2_GA date=200710221139)]
	at org.jnp.interfaces.NamingContext.lookup(NamingContext.java:634) ~[jnp-client-4.2.2.GA.jar:4.2.2.GA (build: SVNTag=JBoss_4_2_2_GA date=200710221139)]
	at org.jnp.interfaces.NamingContext.lookup(NamingContext.java:627) ~[jnp-client-4.2.2.GA.jar:4.2.2.GA (build: SVNTag=JBoss_4_2_2_GA date=200710221139)]
	at javax.naming.InitialContext.lookup(InitialContext.java:411) ~[na:1.7.0_80]
	at org.springframework.jndi.JndiTemplate$1.doInContext(JndiTemplate.java:155) ~[spring-context-4.0.9.RELEASE.jar:4.0.9.RELEASE]
	at org.springframework.jndi.JndiTemplate.execute(JndiTemplate.java:87) ~[spring-context-4.0.9.RELEASE.jar:4.0.9.RELEASE]
	at org.springframework.jndi.JndiTemplate.lookup(JndiTemplate.java:152) ~[spring-context-4.0.9.RELEASE.jar:4.0.9.RELEASE]
	at org.springframework.jndi.JndiTemplate.lookup(JndiTemplate.java:179) ~[spring-context-4.0.9.RELEASE.jar:4.0.9.RELEASE]
	at org.springframework.jndi.JndiLocatorSupport.lookup(JndiLocatorSupport.java:95) ~[spring-context-4.0.9.RELEASE.jar:4.0.9.RELEASE]
	at org.springframework.jndi.JndiObjectLocator.lookup(JndiObjectLocator.java:106) ~[spring-context-4.0.9.RELEASE.jar:4.0.9.RELEASE]
	at org.springframework.jndi.JndiObjectFactoryBean.lookupWithFallback(JndiObjectFactoryBean.java:231) ~[spring-context-4.0.9.RELEASE.jar:4.0.9.RELEASE]
	at org.springframework.jndi.JndiObjectFactoryBean.afterPropertiesSet(JndiObjectFactoryBean.java:217) ~[spring-context-4.0.9.RELEASE.jar:4.0.9.RELEASE]
	at cn.com.bsfit.frms.policy.config.JmsConfig.connectionFactory(JmsConfig.java:51) ~[classes/:na]
	at cn.com.bsfit.frms.policy.config.JmsConfig$$EnhancerBySpringCGLIB$$a17a384b.CGLIB$connectionFactory$2(<generated>) ~[spring-core-4.0.9.RELEASE.jar:na]
	at cn.com.bsfit.frms.policy.config.JmsConfig$$EnhancerBySpringCGLIB$$a17a384b$$FastClassBySpringCGLIB$$7be5e122.invoke(<generated>) ~[spring-core-4.0.9.RELEASE.jar:na]
	at org.springframework.cglib.proxy.MethodProxy.invokeSuper(MethodProxy.java:228) ~[spring-core-4.0.9.RELEASE.jar:4.0.9.RELEASE]
	at org.springframework.context.annotation.ConfigurationClassEnhancer$BeanMethodInterceptor.intercept(ConfigurationClassEnhancer.java:311) ~[spring-context-4.0.9.RELEASE.jar:4.0.9.RELEASE]
	at cn.com.bsfit.frms.policy.config.JmsConfig$$EnhancerBySpringCGLIB$$a17a384b.connectionFactory(<generated>) ~[spring-core-4.0.9.RELEASE.jar:na]
	at sun.reflect.NativeMethodAccessorImpl.invoke0(Native Method) ~[na:1.7.0_80]
	at sun.reflect.NativeMethodAccessorImpl.invoke(NativeMethodAccessorImpl.java:57) ~[na:1.7.0_80]
	at sun.reflect.DelegatingMethodAccessorImpl.invoke(DelegatingMethodAccessorImpl.java:43) ~[na:1.7.0_80]
	at java.lang.reflect.Method.invoke(Method.java:606) ~[na:1.7.0_80]
	at org.springframework.beans.factory.support.SimpleInstantiationStrategy.instantiate(SimpleInstantiationStrategy.java:166) ~[spring-beans-4.0.9.RELEASE.jar:4.0.9.RELEASE]
	... 30 common frames omitted
Caused by: javax.naming.CommunicationException: Failed to retrieve stub from server 10.100.1.14:5455
	at org.jnp.interfaces.NamingContext.getServer(NamingContext.java:268) ~[jnp-client-4.2.2.GA.jar:4.2.2.GA (build: SVNTag=JBoss_4_2_2_GA date=200710221139)]
	at org.jnp.interfaces.NamingContext.checkRef(NamingContext.java:1533) ~[jnp-client-4.2.2.GA.jar:4.2.2.GA (build: SVNTag=JBoss_4_2_2_GA date=200710221139)]
	... 52 common frames omitted
Caused by: java.io.EOFException: null
	at java.io.ObjectInputStream$PeekInputStream.readFully(ObjectInputStream.java:2325) ~[na:1.7.0_80]
	at java.io.ObjectInputStream$BlockDataInputStream.readShort(ObjectInputStream.java:2794) ~[na:1.7.0_80]
	at java.io.ObjectInputStream.readStreamHeader(ObjectInputStream.java:801) ~[na:1.7.0_80]
	at java.io.ObjectInputStream.<init>(ObjectInputStream.java:299) ~[na:1.7.0_80]
	at org.jnp.interfaces.NamingContext.getServer(NamingContext.java:255) ~[jnp-client-4.2.2.GA.jar:4.2.2.GA (build: SVNTag=JBoss_4_2_2_GA date=200710221139)]
	... 53 common frames omitted
17:08:17.321 12035 [main] ERROR o.s.boot.SpringApplication - Application startup failed
org.springframework.beans.factory.BeanCreationException: Error creating bean with name 'jmsConfig': Injection of autowired dependencies failed; nested exception is org.springframework.beans.factory.BeanCreationException: Could not autowire field: private javax.jms.ConnectionFactory cn.com.bsfit.frms.policy.config.JmsConfig.connectionFactory; nested exception is org.springframework.beans.factory.BeanCreationException: Error creating bean with name 'connectionFactory' defined in class path resource [cn/com/bsfit/frms/policy/config/JmsConfig.class]: Instantiation of bean failed; nested exception is org.springframework.beans.factory.BeanDefinitionStoreException: Factory method [public javax.jms.ConnectionFactory cn.com.bsfit.frms.policy.config.JmsConfig.connectionFactory() throws java.lang.IllegalArgumentException,javax.naming.NamingException] threw exception; nested exception is javax.naming.CommunicationException: Could not obtain connection to any of these urls: 10.100.1.14:10099 and discovery failed with error: javax.naming.CommunicationException: Receive timed out [Root exception is java.net.SocketTimeoutException: Receive timed out] [Root exception is javax.naming.CommunicationException: Failed to connect to server 10.100.1.14:10099 [Root exception is javax.naming.ServiceUnavailableException: Failed to connect to server 10.100.1.14:10099 [Root exception is java.net.ConnectException: Connection refused: connect]]]
	at org.springframework.beans.factory.annotation.AutowiredAnnotationBeanPostProcessor.postProcessPropertyValues(AutowiredAnnotationBeanPostProcessor.java:301) ~[spring-beans-4.0.9.RELEASE.jar:4.0.9.RELEASE]
	at org.springframework.beans.factory.support.AbstractAutowireCapableBeanFactory.populateBean(AbstractAutowireCapableBeanFactory.java:1186) ~[spring-beans-4.0.9.RELEASE.jar:4.0.9.RELEASE]
	at org.springframework.beans.factory.support.AbstractAutowireCapableBeanFactory.doCreateBean(AbstractAutowireCapableBeanFactory.java:537) ~[spring-beans-4.0.9.RELEASE.jar:4.0.9.RELEASE]
	at org.springframework.beans.factory.support.AbstractAutowireCapableBeanFactory.createBean(AbstractAutowireCapableBeanFactory.java:475) ~[spring-beans-4.0.9.RELEASE.jar:4.0.9.RELEASE]
	at org.springframework.beans.factory.support.AbstractBeanFactory$1.getObject(AbstractBeanFactory.java:302) ~[spring-beans-4.0.9.RELEASE.jar:4.0.9.RELEASE]
	at org.springframework.beans.factory.support.DefaultSingletonBeanRegistry.getSingleton(DefaultSingletonBeanRegistry.java:229) ~[spring-beans-4.0.9.RELEASE.jar:4.0.9.RELEASE]
	at org.springframework.beans.factory.support.AbstractBeanFactory.doGetBean(AbstractBeanFactory.java:298) ~[spring-beans-4.0.9.RELEASE.jar:4.0.9.RELEASE]
	at org.springframework.beans.factory.support.AbstractBeanFactory.getBean(AbstractBeanFactory.java:193) ~[spring-beans-4.0.9.RELEASE.jar:4.0.9.RELEASE]
	at org.springframework.beans.factory.support.DefaultListableBeanFactory.preInstantiateSingletons(DefaultListableBeanFactory.java:706) ~[spring-beans-4.0.9.RELEASE.jar:4.0.9.RELEASE]
	at org.springframework.context.support.AbstractApplicationContext.finishBeanFactoryInitialization(AbstractApplicationContext.java:762) ~[spring-context-4.0.9.RELEASE.jar:4.0.9.RELEASE]
	at org.springframework.context.support.AbstractApplicationContext.refresh(AbstractApplicationContext.java:482) ~[spring-context-4.0.9.RELEASE.jar:4.0.9.RELEASE]
	at org.springframework.boot.context.embedded.EmbeddedWebApplicationContext.refresh(EmbeddedWebApplicationContext.java:109) ~[spring-boot-1.1.12.RELEASE.jar:1.1.12.RELEASE]
	at org.springframework.boot.SpringApplication.refresh(SpringApplication.java:691) ~[spring-boot-1.1.12.RELEASE.jar:1.1.12.RELEASE]
	at org.springframework.boot.SpringApplication.run(SpringApplication.java:320) ~[spring-boot-1.1.12.RELEASE.jar:1.1.12.RELEASE]
	at org.springframework.boot.builder.SpringApplicationBuilder.run(SpringApplicationBuilder.java:142) [spring-boot-1.1.12.RELEASE.jar:1.1.12.RELEASE]
	at cn.com.bsfit.PolicyApp.main(PolicyApp.java:13) [classes/:na]
Caused by: org.springframework.beans.factory.BeanCreationException: Could not autowire field: private javax.jms.ConnectionFactory cn.com.bsfit.frms.policy.config.JmsConfig.connectionFactory; nested exception is org.springframework.beans.factory.BeanCreationException: Error creating bean with name 'connectionFactory' defined in class path resource [cn/com/bsfit/frms/policy/config/JmsConfig.class]: Instantiation of bean failed; nested exception is org.springframework.beans.factory.BeanDefinitionStoreException: Factory method [public javax.jms.ConnectionFactory cn.com.bsfit.frms.policy.config.JmsConfig.connectionFactory() throws java.lang.IllegalArgumentException,javax.naming.NamingException] threw exception; nested exception is javax.naming.CommunicationException: Could not obtain connection to any of these urls: 10.100.1.14:10099 and discovery failed with error: javax.naming.CommunicationException: Receive timed out [Root exception is java.net.SocketTimeoutException: Receive timed out] [Root exception is javax.naming.CommunicationException: Failed to connect to server 10.100.1.14:10099 [Root exception is javax.naming.ServiceUnavailableException: Failed to connect to server 10.100.1.14:10099 [Root exception is java.net.ConnectException: Connection refused: connect]]]
	at org.springframework.beans.factory.annotation.AutowiredAnnotationBeanPostProcessor$AutowiredFieldElement.inject(AutowiredAnnotationBeanPostProcessor.java:522) ~[spring-beans-4.0.9.RELEASE.jar:4.0.9.RELEASE]
	at org.springframework.beans.factory.annotation.InjectionMetadata.inject(InjectionMetadata.java:88) ~[spring-beans-4.0.9.RELEASE.jar:4.0.9.RELEASE]
	at org.springframework.beans.factory.annotation.AutowiredAnnotationBeanPostProcessor.postProcessPropertyValues(AutowiredAnnotationBeanPostProcessor.java:298) ~[spring-beans-4.0.9.RELEASE.jar:4.0.9.RELEASE]
	... 15 common frames omitted
Caused by: org.springframework.beans.factory.BeanCreationException: Error creating bean with name 'connectionFactory' defined in class path resource [cn/com/bsfit/frms/policy/config/JmsConfig.class]: Instantiation of bean failed; nested exception is org.springframework.beans.factory.BeanDefinitionStoreException: Factory method [public javax.jms.ConnectionFactory cn.com.bsfit.frms.policy.config.JmsConfig.connectionFactory() throws java.lang.IllegalArgumentException,javax.naming.NamingException] threw exception; nested exception is javax.naming.CommunicationException: Could not obtain connection to any of these urls: 10.100.1.14:10099 and discovery failed with error: javax.naming.CommunicationException: Receive timed out [Root exception is java.net.SocketTimeoutException: Receive timed out] [Root exception is javax.naming.CommunicationException: Failed to connect to server 10.100.1.14:10099 [Root exception is javax.naming.ServiceUnavailableException: Failed to connect to server 10.100.1.14:10099 [Root exception is java.net.ConnectException: Connection refused: connect]]]
	at org.springframework.beans.factory.support.ConstructorResolver.instantiateUsingFactoryMethod(ConstructorResolver.java:597) ~[spring-beans-4.0.9.RELEASE.jar:4.0.9.RELEASE]
	at org.springframework.beans.factory.support.AbstractAutowireCapableBeanFactory.instantiateUsingFactoryMethod(AbstractAutowireCapableBeanFactory.java:1095) ~[spring-beans-4.0.9.RELEASE.jar:4.0.9.RELEASE]
	at org.springframework.beans.factory.support.AbstractAutowireCapableBeanFactory.createBeanInstance(AbstractAutowireCapableBeanFactory.java:990) ~[spring-beans-4.0.9.RELEASE.jar:4.0.9.RELEASE]
	at org.springframework.beans.factory.support.AbstractAutowireCapableBeanFactory.doCreateBean(AbstractAutowireCapableBeanFactory.java:504) ~[spring-beans-4.0.9.RELEASE.jar:4.0.9.RELEASE]
	at org.springframework.beans.factory.support.AbstractAutowireCapableBeanFactory.createBean(AbstractAutowireCapableBeanFactory.java:475) ~[spring-beans-4.0.9.RELEASE.jar:4.0.9.RELEASE]
	at org.springframework.beans.factory.support.AbstractBeanFactory$1.getObject(AbstractBeanFactory.java:302) ~[spring-beans-4.0.9.RELEASE.jar:4.0.9.RELEASE]
	at org.springframework.beans.factory.support.DefaultSingletonBeanRegistry.getSingleton(DefaultSingletonBeanRegistry.java:229) ~[spring-beans-4.0.9.RELEASE.jar:4.0.9.RELEASE]
	at org.springframework.beans.factory.support.AbstractBeanFactory.doGetBean(AbstractBeanFactory.java:298) ~[spring-beans-4.0.9.RELEASE.jar:4.0.9.RELEASE]
	at org.springframework.beans.factory.support.AbstractBeanFactory.getBean(AbstractBeanFactory.java:193) ~[spring-beans-4.0.9.RELEASE.jar:4.0.9.RELEASE]
	at org.springframework.beans.factory.support.DefaultListableBeanFactory.findAutowireCandidates(DefaultListableBeanFactory.java:1028) ~[spring-beans-4.0.9.RELEASE.jar:4.0.9.RELEASE]
	at org.springframework.beans.factory.support.DefaultListableBeanFactory.doResolveDependency(DefaultListableBeanFactory.java:964) ~[spring-beans-4.0.9.RELEASE.jar:4.0.9.RELEASE]
	at org.springframework.beans.factory.support.DefaultListableBeanFactory.resolveDependency(DefaultListableBeanFactory.java:862) ~[spring-beans-4.0.9.RELEASE.jar:4.0.9.RELEASE]
	at org.springframework.beans.factory.annotation.AutowiredAnnotationBeanPostProcessor$AutowiredFieldElement.inject(AutowiredAnnotationBeanPostProcessor.java:494) ~[spring-beans-4.0.9.RELEASE.jar:4.0.9.RELEASE]
	... 17 common frames omitted
Caused by: org.springframework.beans.factory.BeanDefinitionStoreException: Factory method [public javax.jms.ConnectionFactory cn.com.bsfit.frms.policy.config.JmsConfig.connectionFactory() throws java.lang.IllegalArgumentException,javax.naming.NamingException] threw exception; nested exception is javax.naming.CommunicationException: Could not obtain connection to any of these urls: 10.100.1.14:10099 and discovery failed with error: javax.naming.CommunicationException: Receive timed out [Root exception is java.net.SocketTimeoutException: Receive timed out] [Root exception is javax.naming.CommunicationException: Failed to connect to server 10.100.1.14:10099 [Root exception is javax.naming.ServiceUnavailableException: Failed to connect to server 10.100.1.14:10099 [Root exception is java.net.ConnectException: Connection refused: connect]]]
	at org.springframework.beans.factory.support.SimpleInstantiationStrategy.instantiate(SimpleInstantiationStrategy.java:188) ~[spring-beans-4.0.9.RELEASE.jar:4.0.9.RELEASE]
	at org.springframework.beans.factory.support.ConstructorResolver.instantiateUsingFactoryMethod(ConstructorResolver.java:586) ~[spring-beans-4.0.9.RELEASE.jar:4.0.9.RELEASE]
	... 29 common frames omitted
Caused by: javax.naming.CommunicationException: Could not obtain connection to any of these urls: 10.100.1.14:10099 and discovery failed with error: javax.naming.CommunicationException: Receive timed out [Root exception is java.net.SocketTimeoutException: Receive timed out]
	at org.jnp.interfaces.NamingContext.checkRef(NamingContext.java:1562) ~[jnp-client-4.2.2.GA.jar:4.2.2.GA (build: SVNTag=JBoss_4_2_2_GA date=200710221139)]
	at org.jnp.interfaces.NamingContext.lookup(NamingContext.java:634) ~[jnp-client-4.2.2.GA.jar:4.2.2.GA (build: SVNTag=JBoss_4_2_2_GA date=200710221139)]
	at org.jnp.interfaces.NamingContext.lookup(NamingContext.java:627) ~[jnp-client-4.2.2.GA.jar:4.2.2.GA (build: SVNTag=JBoss_4_2_2_GA date=200710221139)]
	at javax.naming.InitialContext.lookup(InitialContext.java:411) ~[na:1.7.0_80]
	at org.springframework.jndi.JndiTemplate$1.doInContext(JndiTemplate.java:155) ~[spring-context-4.0.9.RELEASE.jar:4.0.9.RELEASE]
	at org.springframework.jndi.JndiTemplate.execute(JndiTemplate.java:87) ~[spring-context-4.0.9.RELEASE.jar:4.0.9.RELEASE]
	at org.springframework.jndi.JndiTemplate.lookup(JndiTemplate.java:152) ~[spring-context-4.0.9.RELEASE.jar:4.0.9.RELEASE]
	at org.springframework.jndi.JndiTemplate.lookup(JndiTemplate.java:179) ~[spring-context-4.0.9.RELEASE.jar:4.0.9.RELEASE]
	at org.springframework.jndi.JndiLocatorSupport.lookup(JndiLocatorSupport.java:95) ~[spring-context-4.0.9.RELEASE.jar:4.0.9.RELEASE]
	at org.springframework.jndi.JndiObjectLocator.lookup(JndiObjectLocator.java:106) ~[spring-context-4.0.9.RELEASE.jar:4.0.9.RELEASE]
	at org.springframework.jndi.JndiObjectFactoryBean.lookupWithFallback(JndiObjectFactoryBean.java:231) ~[spring-context-4.0.9.RELEASE.jar:4.0.9.RELEASE]
	at org.springframework.jndi.JndiObjectFactoryBean.afterPropertiesSet(JndiObjectFactoryBean.java:217) ~[spring-context-4.0.9.RELEASE.jar:4.0.9.RELEASE]
	at cn.com.bsfit.frms.policy.config.JmsConfig.connectionFactory(JmsConfig.java:51) ~[classes/:na]
	at cn.com.bsfit.frms.policy.config.JmsConfig$$EnhancerBySpringCGLIB$$9c801e88.CGLIB$connectionFactory$2(<generated>) ~[spring-core-4.0.9.RELEASE.jar:na]
	at cn.com.bsfit.frms.policy.config.JmsConfig$$EnhancerBySpringCGLIB$$9c801e88$$FastClassBySpringCGLIB$$94b08a6b.invoke(<generated>) ~[spring-core-4.0.9.RELEASE.jar:na]
	at org.springframework.cglib.proxy.MethodProxy.invokeSuper(MethodProxy.java:228) ~[spring-core-4.0.9.RELEASE.jar:4.0.9.RELEASE]
	at org.springframework.context.annotation.ConfigurationClassEnhancer$BeanMethodInterceptor.intercept(ConfigurationClassEnhancer.java:311) ~[spring-context-4.0.9.RELEASE.jar:4.0.9.RELEASE]
	at cn.com.bsfit.frms.policy.config.JmsConfig$$EnhancerBySpringCGLIB$$9c801e88.connectionFactory(<generated>) ~[spring-core-4.0.9.RELEASE.jar:na]
	at sun.reflect.NativeMethodAccessorImpl.invoke0(Native Method) ~[na:1.7.0_80]
	at sun.reflect.NativeMethodAccessorImpl.invoke(NativeMethodAccessorImpl.java:57) ~[na:1.7.0_80]
	at sun.reflect.DelegatingMethodAccessorImpl.invoke(DelegatingMethodAccessorImpl.java:43) ~[na:1.7.0_80]
	at java.lang.reflect.Method.invoke(Method.java:606) ~[na:1.7.0_80]
	at org.springframework.beans.factory.support.SimpleInstantiationStrategy.instantiate(SimpleInstantiationStrategy.java:166) ~[spring-beans-4.0.9.RELEASE.jar:4.0.9.RELEASE]
	... 30 common frames omitted
Caused by: javax.naming.CommunicationException: Failed to connect to server 10.100.1.14:10099
	at org.jnp.interfaces.NamingContext.getServer(NamingContext.java:274) ~[jnp-client-4.2.2.GA.jar:4.2.2.GA (build: SVNTag=JBoss_4_2_2_GA date=200710221139)]
	at org.jnp.interfaces.NamingContext.checkRef(NamingContext.java:1533) ~[jnp-client-4.2.2.GA.jar:4.2.2.GA (build: SVNTag=JBoss_4_2_2_GA date=200710221139)]
	... 52 common frames omitted
Caused by: javax.naming.ServiceUnavailableException: Failed to connect to server 10.100.1.14:10099
	at org.jnp.interfaces.NamingContext.getServer(NamingContext.java:248) ~[jnp-client-4.2.2.GA.jar:4.2.2.GA (build: SVNTag=JBoss_4_2_2_GA date=200710221139)]
	... 53 common frames omitted
Caused by: java.net.ConnectException: Connection refused: connect
	at java.net.DualStackPlainSocketImpl.connect0(Native Method) ~[na:1.7.0_80]
	at java.net.DualStackPlainSocketImpl.socketConnect(DualStackPlainSocketImpl.java:79) ~[na:1.7.0_80]
	at java.net.AbstractPlainSocketImpl.doConnect(AbstractPlainSocketImpl.java:339) ~[na:1.7.0_80]
	at java.net.AbstractPlainSocketImpl.connectToAddress(AbstractPlainSocketImpl.java:200) ~[na:1.7.0_80]
	at java.net.AbstractPlainSocketImpl.connect(AbstractPlainSocketImpl.java:182) ~[na:1.7.0_80]
	at java.net.PlainSocketImpl.connect(PlainSocketImpl.java:172) ~[na:1.7.0_80]
	at java.net.SocksSocketImpl.connect(SocksSocketImpl.java:392) ~[na:1.7.0_80]
	at java.net.Socket.connect(Socket.java:579) ~[na:1.7.0_80]
	at java.net.Socket.connect(Socket.java:528) ~[na:1.7.0_80]
	at java.net.Socket.<init>(Socket.java:425) ~[na:1.7.0_80]
	at java.net.Socket.<init>(Socket.java:319) ~[na:1.7.0_80]
	at org.jnp.interfaces.TimedSocketFactory.createSocket(TimedSocketFactory.java:84) ~[jnp-client-4.2.2.GA.jar:4.2.2.GA (build: SVNTag=JBoss_4_2_2_GA date=200710221139)]
	at org.jnp.interfaces.TimedSocketFactory.createSocket(TimedSocketFactory.java:77) ~[jnp-client-4.2.2.GA.jar:4.2.2.GA (build: SVNTag=JBoss_4_2_2_GA date=200710221139)]
	at org.jnp.interfaces.NamingContext.getServer(NamingContext.java:244) ~[jnp-client-4.2.2.GA.jar:4.2.2.GA (build: SVNTag=JBoss_4_2_2_GA date=200710221139)]
	... 53 common frames omitted
17:08:40.066 6148 [main] ERROR o.s.boot.SpringApplication - Application startup failed
org.springframework.beans.factory.BeanCreationException: Error creating bean with name 'jmsConfig': Injection of autowired dependencies failed; nested exception is org.springframework.beans.factory.BeanCreationException: Could not autowire field: private javax.jms.ConnectionFactory cn.com.bsfit.frms.policy.config.JmsConfig.connectionFactory; nested exception is org.springframework.beans.factory.BeanCreationException: Error creating bean with name 'cachedConnectionFactory' defined in class path resource [cn/com/bsfit/frms/policy/config/JmsConfig.class]: Invocation of init method failed; nested exception is java.lang.IllegalArgumentException: Connection or 'targetConnectionFactory' is required
	at org.springframework.beans.factory.annotation.AutowiredAnnotationBeanPostProcessor.postProcessPropertyValues(AutowiredAnnotationBeanPostProcessor.java:301) ~[spring-beans-4.0.9.RELEASE.jar:4.0.9.RELEASE]
	at org.springframework.beans.factory.support.AbstractAutowireCapableBeanFactory.populateBean(AbstractAutowireCapableBeanFactory.java:1186) ~[spring-beans-4.0.9.RELEASE.jar:4.0.9.RELEASE]
	at org.springframework.beans.factory.support.AbstractAutowireCapableBeanFactory.doCreateBean(AbstractAutowireCapableBeanFactory.java:537) ~[spring-beans-4.0.9.RELEASE.jar:4.0.9.RELEASE]
	at org.springframework.beans.factory.support.AbstractAutowireCapableBeanFactory.createBean(AbstractAutowireCapableBeanFactory.java:475) ~[spring-beans-4.0.9.RELEASE.jar:4.0.9.RELEASE]
	at org.springframework.beans.factory.support.AbstractBeanFactory$1.getObject(AbstractBeanFactory.java:302) ~[spring-beans-4.0.9.RELEASE.jar:4.0.9.RELEASE]
	at org.springframework.beans.factory.support.DefaultSingletonBeanRegistry.getSingleton(DefaultSingletonBeanRegistry.java:229) ~[spring-beans-4.0.9.RELEASE.jar:4.0.9.RELEASE]
	at org.springframework.beans.factory.support.AbstractBeanFactory.doGetBean(AbstractBeanFactory.java:298) ~[spring-beans-4.0.9.RELEASE.jar:4.0.9.RELEASE]
	at org.springframework.beans.factory.support.AbstractBeanFactory.getBean(AbstractBeanFactory.java:193) ~[spring-beans-4.0.9.RELEASE.jar:4.0.9.RELEASE]
	at org.springframework.beans.factory.support.DefaultListableBeanFactory.preInstantiateSingletons(DefaultListableBeanFactory.java:706) ~[spring-beans-4.0.9.RELEASE.jar:4.0.9.RELEASE]
	at org.springframework.context.support.AbstractApplicationContext.finishBeanFactoryInitialization(AbstractApplicationContext.java:762) ~[spring-context-4.0.9.RELEASE.jar:4.0.9.RELEASE]
	at org.springframework.context.support.AbstractApplicationContext.refresh(AbstractApplicationContext.java:482) ~[spring-context-4.0.9.RELEASE.jar:4.0.9.RELEASE]
	at org.springframework.boot.context.embedded.EmbeddedWebApplicationContext.refresh(EmbeddedWebApplicationContext.java:109) ~[spring-boot-1.1.12.RELEASE.jar:1.1.12.RELEASE]
	at org.springframework.boot.SpringApplication.refresh(SpringApplication.java:691) ~[spring-boot-1.1.12.RELEASE.jar:1.1.12.RELEASE]
	at org.springframework.boot.SpringApplication.run(SpringApplication.java:320) ~[spring-boot-1.1.12.RELEASE.jar:1.1.12.RELEASE]
	at org.springframework.boot.builder.SpringApplicationBuilder.run(SpringApplicationBuilder.java:142) [spring-boot-1.1.12.RELEASE.jar:1.1.12.RELEASE]
	at cn.com.bsfit.PolicyApp.main(PolicyApp.java:13) [classes/:na]
Caused by: org.springframework.beans.factory.BeanCreationException: Could not autowire field: private javax.jms.ConnectionFactory cn.com.bsfit.frms.policy.config.JmsConfig.connectionFactory; nested exception is org.springframework.beans.factory.BeanCreationException: Error creating bean with name 'cachedConnectionFactory' defined in class path resource [cn/com/bsfit/frms/policy/config/JmsConfig.class]: Invocation of init method failed; nested exception is java.lang.IllegalArgumentException: Connection or 'targetConnectionFactory' is required
	at org.springframework.beans.factory.annotation.AutowiredAnnotationBeanPostProcessor$AutowiredFieldElement.inject(AutowiredAnnotationBeanPostProcessor.java:522) ~[spring-beans-4.0.9.RELEASE.jar:4.0.9.RELEASE]
	at org.springframework.beans.factory.annotation.InjectionMetadata.inject(InjectionMetadata.java:88) ~[spring-beans-4.0.9.RELEASE.jar:4.0.9.RELEASE]
	at org.springframework.beans.factory.annotation.AutowiredAnnotationBeanPostProcessor.postProcessPropertyValues(AutowiredAnnotationBeanPostProcessor.java:298) ~[spring-beans-4.0.9.RELEASE.jar:4.0.9.RELEASE]
	... 15 common frames omitted
Caused by: org.springframework.beans.factory.BeanCreationException: Error creating bean with name 'cachedConnectionFactory' defined in class path resource [cn/com/bsfit/frms/policy/config/JmsConfig.class]: Invocation of init method failed; nested exception is java.lang.IllegalArgumentException: Connection or 'targetConnectionFactory' is required
	at org.springframework.beans.factory.support.AbstractAutowireCapableBeanFactory.initializeBean(AbstractAutowireCapableBeanFactory.java:1554) ~[spring-beans-4.0.9.RELEASE.jar:4.0.9.RELEASE]
	at org.springframework.beans.factory.support.AbstractAutowireCapableBeanFactory.doCreateBean(AbstractAutowireCapableBeanFactory.java:539) ~[spring-beans-4.0.9.RELEASE.jar:4.0.9.RELEASE]
	at org.springframework.beans.factory.support.AbstractAutowireCapableBeanFactory.createBean(AbstractAutowireCapableBeanFactory.java:475) ~[spring-beans-4.0.9.RELEASE.jar:4.0.9.RELEASE]
	at org.springframework.beans.factory.support.AbstractBeanFactory$1.getObject(AbstractBeanFactory.java:302) ~[spring-beans-4.0.9.RELEASE.jar:4.0.9.RELEASE]
	at org.springframework.beans.factory.support.DefaultSingletonBeanRegistry.getSingleton(DefaultSingletonBeanRegistry.java:229) ~[spring-beans-4.0.9.RELEASE.jar:4.0.9.RELEASE]
	at org.springframework.beans.factory.support.AbstractBeanFactory.doGetBean(AbstractBeanFactory.java:298) ~[spring-beans-4.0.9.RELEASE.jar:4.0.9.RELEASE]
	at org.springframework.beans.factory.support.AbstractBeanFactory.getBean(AbstractBeanFactory.java:193) ~[spring-beans-4.0.9.RELEASE.jar:4.0.9.RELEASE]
	at org.springframework.beans.factory.support.DefaultListableBeanFactory.findAutowireCandidates(DefaultListableBeanFactory.java:1028) ~[spring-beans-4.0.9.RELEASE.jar:4.0.9.RELEASE]
	at org.springframework.beans.factory.support.DefaultListableBeanFactory.doResolveDependency(DefaultListableBeanFactory.java:964) ~[spring-beans-4.0.9.RELEASE.jar:4.0.9.RELEASE]
	at org.springframework.beans.factory.support.DefaultListableBeanFactory.resolveDependency(DefaultListableBeanFactory.java:862) ~[spring-beans-4.0.9.RELEASE.jar:4.0.9.RELEASE]
	at org.springframework.beans.factory.annotation.AutowiredAnnotationBeanPostProcessor$AutowiredFieldElement.inject(AutowiredAnnotationBeanPostProcessor.java:494) ~[spring-beans-4.0.9.RELEASE.jar:4.0.9.RELEASE]
	... 17 common frames omitted
Caused by: java.lang.IllegalArgumentException: Connection or 'targetConnectionFactory' is required
	at org.springframework.jms.connection.SingleConnectionFactory.afterPropertiesSet(SingleConnectionFactory.java:217) ~[spring-jms-4.0.9.RELEASE.jar:4.0.9.RELEASE]
	at org.springframework.beans.factory.support.AbstractAutowireCapableBeanFactory.invokeInitMethods(AbstractAutowireCapableBeanFactory.java:1613) ~[spring-beans-4.0.9.RELEASE.jar:4.0.9.RELEASE]
	at org.springframework.beans.factory.support.AbstractAutowireCapableBeanFactory.initializeBean(AbstractAutowireCapableBeanFactory.java:1550) ~[spring-beans-4.0.9.RELEASE.jar:4.0.9.RELEASE]
	... 27 common frames omitted
